13:12:39 **** Incremental Build of configuration Nios II for project nios_software ****
make all 
Info: Building C:/gitrepos/CPET561/DE1_SoC_Demo8/src/SW/nios_software_bsp/
C:/intelFPGA_lite/18.1/nios2eds/bin/gnu/H-x86_64-mingw32/bin/make --no-print-directory -C C:/gitrepos/CPET561/DE1_SoC_Demo8/src/SW/nios_software_bsp/
[BSP build complete]
Info: Linking nios_software.elf
nios2-elf-g++  -T'C:/gitrepos/CPET561/DE1_SoC_Demo8/src/SW/nios_software_bsp//linker.x' -msys-crt0='C:/gitrepos/CPET561/DE1_SoC_Demo8/src/SW/nios_software_bsp//obj/HAL/src/crt0.o' -msys-lib=hal_bsp -LC:/gitrepos/CPET561/DE1_SoC_Demo8/src/SW/nios_software_bsp/  -msmallc  -Wl,-Map=nios_software.map   -O0 -g -Wall   -mno-hw-div -mno-hw-mul -mno-hw-mulx -mgpopt=global  -o nios_software.elf obj/default/Arbitration_part1.o -lm -msys-lib=m
nios2-elf-insert nios_software.elf --thread_model hal --cpu_name nios2_gen2_0 --qsys true --simulation_enabled false --id 524290 --sidp 0x1810 --timestamp 1700069863 --stderr_dev jtag_uart_0 --stdin_dev jtag_uart_0 --stdout_dev jtag_uart_0 --sopc_system_name nios_system --quartus_project_dir "c:/gitrepos/CPET561/DE1_SoC_Demo8/src/HW/nios_system" --sopcinfo C:/gitrepos/CPET561/DE1_SoC_Demo8/src/HW/nios_system/nios_system.sopcinfo
Info: (nios_software.elf) 5792 Bytes program size (code + initialized data).
Info:                     9860 Bytes free for stack + heap.
Info: Creating nios_software.objdump
nios2-elf-objdump --disassemble --syms --all-header --source nios_software.elf >nios_software.objdump
[nios_software build complete]
13:17:19 **** Incremental Build of configuration Nios II for project nios_software ****
make all 
Info: Building C:/gitrepos/CPET561/DE1_SoC_Demo8/src/SW/nios_software_bsp/
C:/intelFPGA_lite/18.1/nios2eds/bin/gnu/H-x86_64-mingw32/bin/make --no-print-directory -C C:/gitrepos/CPET561/DE1_SoC_Demo8/src/SW/nios_software_bsp/
[BSP build complete]
[nios_software build complete]
13:20:25 **** Incremental Build of configuration Nios II for project nios_software ****
make all 
Info: Building C:/gitrepos/CPET561/DE1_SoC_Demo8/src/SW/nios_software_bsp/
C:/intelFPGA_lite/18.1/nios2eds/bin/gnu/H-x86_64-mingw32/bin/make --no-print-directory -C C:/gitrepos/CPET561/DE1_SoC_Demo8/src/SW/nios_software_bsp/
[BSP build complete]
[nios_software build complete]
13:26:58 **** Incremental Build of configuration Nios II for project nios_software ****
make all 
Info: Building C:/gitrepos/CPET561/DE1_SoC_Demo8/src/SW/nios_software_bsp/
C:/intelFPGA_lite/18.1/nios2eds/bin/gnu/H-x86_64-mingw32/bin/make --no-print-directory -C C:/gitrepos/CPET561/DE1_SoC_Demo8/src/SW/nios_software_bsp/
[BSP build complete]
[nios_software build complete]
