Flow report for Arbitration_part2
Wed Nov 15 22:25:55 2023
Quartus Prime Version 18.1.0 Build 625 09/12/2018 SJ Lite Edition


---------------------
; Table of Contents ;
---------------------
  1. Legal Notice
  2. Flow Summary
  3. Flow Settings
  4. Flow Non-Default Global Settings
  5. Flow Elapsed Time
  6. Flow OS Summary
  7. Flow Log
  8. Flow Messages
  9. Flow Suppressed Messages



----------------
; Legal Notice ;
----------------
Copyright (C) 2018  Intel Corporation. All rights reserved.
Your use of Intel Corporation's design tools, logic functions 
and other software and tools, and its AMPP partner logic 
functions, and any output files from any of the foregoing 
(including device programming or simulation files), and any 
associated documentation or information are expressly subject 
to the terms and conditions of the Intel Program License 
Subscription Agreement, the Intel Quartus Prime License Agreement,
the Intel FPGA IP License Agreement, or other applicable license
agreement, including, without limitation, that your use is for
the sole purpose of programming logic devices manufactured by
Intel and sold by Intel or its authorized distributors.  Please
refer to the applicable agreement for further details.



+-------------------------------------------------------------------------------+
; Flow Summary                                                                  ;
+---------------------------------+---------------------------------------------+
; Flow Status                     ; Successful - Wed Nov 15 22:25:44 2023       ;
; Quartus Prime Version           ; 18.1.0 Build 625 09/12/2018 SJ Lite Edition ;
; Revision Name                   ; Arbitration_part2                           ;
; Top-level Entity Name           ; Arbitration_part2                           ;
; Family                          ; Cyclone V                                   ;
; Device                          ; 5CSEMA5F31C6                                ;
; Timing Models                   ; Final                                       ;
; Logic utilization (in ALMs)     ; 1,464 / 32,070 ( 5 % )                      ;
; Total registers                 ; 2047                                        ;
; Total pins                      ; 5 / 457 ( 1 % )                             ;
; Total virtual pins              ; 0                                           ;
; Total block memory bits         ; 317,440 / 4,065,280 ( 8 % )                 ;
; Total DSP Blocks                ; 0 / 87 ( 0 % )                              ;
; Total HSSI RX PCSs              ; 0                                           ;
; Total HSSI PMA RX Deserializers ; 0                                           ;
; Total HSSI TX PCSs              ; 0                                           ;
; Total HSSI PMA TX Serializers   ; 0                                           ;
; Total PLLs                      ; 0 / 6 ( 0 % )                               ;
; Total DLLs                      ; 0 / 4 ( 0 % )                               ;
+---------------------------------+---------------------------------------------+


+-----------------------------------------+
; Flow Settings                           ;
+-------------------+---------------------+
; Option            ; Setting             ;
+-------------------+---------------------+
; Start date & time ; 11/15/2023 22:23:29 ;
; Main task         ; Compilation         ;
; Revision Name     ; Arbitration_part2   ;
+-------------------+---------------------+


+-------------------------------------------------------------------------------------------------------------------------------------------------+
; Flow Non-Default Global Settings                                                                                                                ;
+--------------------------+---------------------------------------------------------------------------+---------------+-------------+------------+
; Assignment Name          ; Value                                                                     ; Default Value ; Entity Name ; Section Id ;
+--------------------------+---------------------------------------------------------------------------+---------------+-------------+------------+
; COMPILER_SIGNATURE_ID    ; 4681951507800.170010500810860                                             ; --            ; --          ; --         ;
; MISC_FILE                ; ../../src/HW/nios_system/nios_system/synthesis/../nios_system.cmp         ; --            ; --          ; --         ;
; MISC_FILE                ; ../../src/HW/nios_system/nios_system/synthesis/../../nios_system.qsys     ; --            ; --          ; --         ;
; MISC_FILE                ; ../../src/HW/external_RAM/external_RAM.cmp                                ; --            ; --          ; --         ;
; PROJECT_OUTPUT_DIRECTORY ; ../output_files                                                           ; --            ; --          ; --         ;
; SLD_FILE                 ; ../../src/HW/nios_system/nios_system/synthesis/nios_system.regmap         ; --            ; --          ; --         ;
; SLD_FILE                 ; ../../src/HW/nios_system/nios_system/synthesis/nios_system.debuginfo      ; --            ; --          ; --         ;
; SLD_INFO                 ; QSYS_NAME nios_system HAS_SOPCINFO 1 GENERATION_ID 1700104986             ; --            ; nios_system ; --         ;
; SOPCINFO_FILE            ; ../../src/HW/nios_system/nios_system/synthesis/../../nios_system.sopcinfo ; --            ; --          ; --         ;
; SYNTHESIS_ONLY_QIP       ; On                                                                        ; --            ; --          ; --         ;
+--------------------------+---------------------------------------------------------------------------+---------------+-------------+------------+


+--------------------------------------------------------------------------------------------------------------------------+
; Flow Elapsed Time                                                                                                        ;
+----------------------+--------------+-------------------------+---------------------+------------------------------------+
; Module Name          ; Elapsed Time ; Average Processors Used ; Peak Virtual Memory ; Total CPU Time (on all processors) ;
+----------------------+--------------+-------------------------+---------------------+------------------------------------+
; Analysis & Synthesis ; 00:00:30     ; 1.0                     ; 5049 MB             ; 00:00:47                           ;
; Fitter               ; 00:01:31     ; 1.1                     ; 7220 MB             ; 00:06:26                           ;
; Assembler            ; 00:00:08     ; 1.0                     ; 4877 MB             ; 00:00:06                           ;
; Timing Analyzer      ; 00:00:10     ; 1.9                     ; 5297 MB             ; 00:00:17                           ;
; Total                ; 00:02:19     ; --                      ; --                  ; 00:07:36                           ;
+----------------------+--------------+-------------------------+---------------------+------------------------------------+


+------------------------------------------------------------------------------------+
; Flow OS Summary                                                                    ;
+----------------------+------------------+------------+------------+----------------+
; Module Name          ; Machine Hostname ; OS Name    ; OS Version ; Processor type ;
+----------------------+------------------+------------+------------+----------------+
; Analysis & Synthesis ; DESKTOP-NQ5UL4N  ; Windows 10 ; 10.0       ; x86_64         ;
; Fitter               ; DESKTOP-NQ5UL4N  ; Windows 10 ; 10.0       ; x86_64         ;
; Assembler            ; DESKTOP-NQ5UL4N  ; Windows 10 ; 10.0       ; x86_64         ;
; Timing Analyzer      ; DESKTOP-NQ5UL4N  ; Windows 10 ; 10.0       ; x86_64         ;
+----------------------+------------------+------------+------------+----------------+


------------
; Flow Log ;
------------
quartus_map --read_settings_files=on --write_settings_files=off Arbitration_part2 -c Arbitration_part2
quartus_fit --read_settings_files=off --write_settings_files=off Arbitration_part2 -c Arbitration_part2
quartus_asm --read_settings_files=off --write_settings_files=off Arbitration_part2 -c Arbitration_part2
quartus_sta Arbitration_part2 -c Arbitration_part2



