Flow report for lab6_top
Fri Oct 27 11:04:48 2023
Quartus Prime Version 18.1.0 Build 625 09/12/2018 SJ Standard Edition


---------------------
; Table of Contents ;
---------------------
  1. Legal Notice
  2. Flow Summary
  3. Flow Settings
  4. Flow Non-Default Global Settings
  5. Flow Elapsed Time
  6. Flow OS Summary
  7. Flow Log
  8. Flow Messages
  9. Flow Suppressed Messages



----------------
; Legal Notice ;
----------------
Copyright (C) 2018  Intel Corporation. All rights reserved.
Your use of Intel Corporation's design tools, logic functions 
and other software and tools, and its AMPP partner logic 
functions, and any output files from any of the foregoing 
(including device programming or simulation files), and any 
associated documentation or information are expressly subject 
to the terms and conditions of the Intel Program License 
Subscription Agreement, the Intel Quartus Prime License Agreement,
the Intel FPGA IP License Agreement, or other applicable license
agreement, including, without limitation, that your use is for
the sole purpose of programming logic devices manufactured by
Intel and sold by Intel or its authorized distributors.  Please
refer to the applicable agreement for further details.



+-----------------------------------------------------------------------------------+
; Flow Summary                                                                      ;
+---------------------------------+-------------------------------------------------+
; Flow Status                     ; Successful - Fri Oct 27 11:04:38 2023           ;
; Quartus Prime Version           ; 18.1.0 Build 625 09/12/2018 SJ Standard Edition ;
; Revision Name                   ; lab6_top                                        ;
; Top-level Entity Name           ; lab6_top                                        ;
; Family                          ; Cyclone V                                       ;
; Device                          ; 5CSEMA5F31C6                                    ;
; Timing Models                   ; Final                                           ;
; Logic utilization (in ALMs)     ; 747 / 32,070 ( 2 % )                            ;
; Total registers                 ; 1032                                            ;
; Total pins                      ; 15 / 457 ( 3 % )                                ;
; Total virtual pins              ; 0                                               ;
; Total block memory bits         ; 273,408 / 4,065,280 ( 7 % )                     ;
; Total DSP Blocks                ; 0 / 87 ( 0 % )                                  ;
; Total HSSI RX PCSs              ; 0                                               ;
; Total HSSI PMA RX Deserializers ; 0                                               ;
; Total HSSI TX PCSs              ; 0                                               ;
; Total HSSI PMA TX Serializers   ; 0                                               ;
; Total PLLs                      ; 0 / 6 ( 0 % )                                   ;
; Total DLLs                      ; 0 / 4 ( 0 % )                                   ;
+---------------------------------+-------------------------------------------------+


+-----------------------------------------+
; Flow Settings                           ;
+-------------------+---------------------+
; Option            ; Setting             ;
+-------------------+---------------------+
; Start date & time ; 10/27/2023 11:02:44 ;
; Main task         ; Compilation         ;
; Revision Name     ; lab6_top            ;
+-------------------+---------------------+


+-------------------------------------------------------------------------------------------------------------------------------------------------+
; Flow Non-Default Global Settings                                                                                                                ;
+--------------------------+---------------------------------------------------------------------------+---------------+-------------+------------+
; Assignment Name          ; Value                                                                     ; Default Value ; Entity Name ; Section Id ;
+--------------------------+---------------------------------------------------------------------------+---------------+-------------+------------+
; COMPILER_SIGNATURE_ID    ; 224948461097151.169841896415460                                           ; --            ; --          ; --         ;
; MISC_FILE                ; ../../src/HW/nios_system/nios_system/synthesis/../nios_system.cmp         ; --            ; --          ; --         ;
; MISC_FILE                ; ../../src/HW/nios_system/nios_system/synthesis/../../nios_system.qsys     ; --            ; --          ; --         ;
; PROJECT_OUTPUT_DIRECTORY ; ../output_files                                                           ; --            ; --          ; --         ;
; SLD_FILE                 ; ../../src/HW/nios_system/nios_system/synthesis/nios_system.regmap         ; --            ; --          ; --         ;
; SLD_FILE                 ; ../../src/HW/nios_system/nios_system/synthesis/nios_system.debuginfo      ; --            ; --          ; --         ;
; SLD_INFO                 ; QSYS_NAME nios_system HAS_SOPCINFO 1 GENERATION_ID 1698418951             ; --            ; nios_system ; --         ;
; SOPCINFO_FILE            ; ../../src/HW/nios_system/nios_system/synthesis/../../nios_system.sopcinfo ; --            ; --          ; --         ;
; SYNTHESIS_ONLY_QIP       ; On                                                                        ; --            ; --          ; --         ;
+--------------------------+---------------------------------------------------------------------------+---------------+-------------+------------+


+--------------------------------------------------------------------------------------------------------------------------+
; Flow Elapsed Time                                                                                                        ;
+----------------------+--------------+-------------------------+---------------------+------------------------------------+
; Module Name          ; Elapsed Time ; Average Processors Used ; Peak Virtual Memory ; Total CPU Time (on all processors) ;
+----------------------+--------------+-------------------------+---------------------+------------------------------------+
; Analysis & Synthesis ; 00:00:34     ; 1.0                     ; 5062 MB             ; 00:00:12                           ;
; Fitter               ; 00:01:02     ; 1.1                     ; 8085 MB             ; 00:00:35                           ;
; Assembler            ; 00:00:06     ; 1.0                     ; 4873 MB             ; 00:00:02                           ;
; Timing Analyzer      ; 00:00:09     ; 1.5                     ; 5358 MB             ; 00:00:06                           ;
; Total                ; 00:01:51     ; --                      ; --                  ; 00:00:55                           ;
+----------------------+--------------+-------------------------+---------------------+------------------------------------+


+------------------------------------------------------------------------------------+
; Flow OS Summary                                                                    ;
+----------------------+------------------+------------+------------+----------------+
; Module Name          ; Machine Hostname ; OS Name    ; OS Version ; Processor type ;
+----------------------+------------------+------------+------------+----------------+
; Analysis & Synthesis ; ent-2140-01      ; Windows 10 ; 10.0       ; x86_64         ;
; Fitter               ; ent-2140-01      ; Windows 10 ; 10.0       ; x86_64         ;
; Assembler            ; ent-2140-01      ; Windows 10 ; 10.0       ; x86_64         ;
; Timing Analyzer      ; ent-2140-01      ; Windows 10 ; 10.0       ; x86_64         ;
+----------------------+------------------+------------+------------+----------------+


------------
; Flow Log ;
------------
quartus_map --read_settings_files=on --write_settings_files=off lab6_top -c lab6_top
quartus_fit --read_settings_files=off --write_settings_files=off lab6_top -c lab6_top
quartus_asm --read_settings_files=off --write_settings_files=off lab6_top -c lab6_top
quartus_sta lab6_top -c lab6_top



