14:55:29 **** Incremental Build of configuration Nios II for project nios_software ****
make all 
Info: Building S:/Documents/gitrepos/CPET561/DE1_SoC_Demo5/src/SW/nios_software_bsp/
C:/intelFPGA/18.1/nios2eds/bin/gnu/H-x86_64-mingw32/bin/make --no-print-directory -C S:/Documents/gitrepos/CPET561/DE1_SoC_Demo5/src/SW/nios_software_bsp/
[BSP build complete]
Info: Compiling custom_component_demo.c to obj/default/custom_component_demo.o
nios2-elf-gcc -xc -MP -MMD -c -IS:/Documents/gitrepos/CPET561/DE1_SoC_Demo5/src/SW/nios_software_bsp//HAL/inc -IS:/Documents/gitrepos/CPET561/DE1_SoC_Demo5/src/SW/nios_software_bsp/ -IS:/Documents/gitrepos/CPET561/DE1_SoC_Demo5/src/SW/nios_software_bsp//drivers/inc  -pipe -D__hal__ -DALT_NO_INSTRUCTION_EMULATION -DALT_SINGLE_THREADED    -O0 -g -Wall   -mno-hw-div -mno-hw-mul -mno-hw-mulx -mgpopt=global  -o obj/default/custom_component_demo.o custom_component_demo.c
Info: Linking nios_software.elf
nios2-elf-g++  -T'S:/Documents/gitrepos/CPET561/DE1_SoC_Demo5/src/SW/nios_software_bsp//linker.x' -msys-crt0='S:/Documents/gitrepos/CPET561/DE1_SoC_Demo5/src/SW/nios_software_bsp//obj/HAL/src/crt0.o' -msys-lib=hal_bsp -LS:/Documents/gitrepos/CPET561/DE1_SoC_Demo5/src/SW/nios_software_bsp/   -Wl,-Map=nios_software.map   -O0 -g -Wall   -mno-hw-div -mno-hw-mul -mno-hw-mulx -mgpopt=global  -o nios_software.elf obj/default/custom_component_demo.o -lm -msys-lib=m
nios2-elf-insert nios_software.elf --thread_model hal --cpu_name nios2_gen2_0 --qsys true --simulation_enabled false --id 196609 --sidp 0x11060 --timestamp 1695167785 --stderr_dev jtag_uart_0 --stdin_dev jtag_uart_0 --stdout_dev jtag_uart_0 --sopc_system_name nios_system --quartus_project_dir "s:/Documents/gitrepos/CPET561/DE1_SoC_Demo5/src/HW/nios_system" --sopcinfo S:/Documents/gitrepos/CPET561/DE1_SoC_Demo5/src/HW/nios_system/nios_system.sopcinfo
Info: (nios_software.elf) 15 KBytes program size (code + initialized data).
Info:                     11 KBytes free for stack + heap.
Info: Creating nios_software.objdump
nios2-elf-objdump --disassemble --syms --all-header --source nios_software.elf >nios_software.objdump
[nios_software build complete]
15:03:23 **** Incremental Build of configuration Nios II for project nios_software ****
make all 
Info: Building S:/Documents/gitrepos/CPET561/DE1_SoC_Demo5/src/SW/nios_software_bsp/
C:/intelFPGA/18.1/nios2eds/bin/gnu/H-x86_64-mingw32/bin/make --no-print-directory -C S:/Documents/gitrepos/CPET561/DE1_SoC_Demo5/src/SW/nios_software_bsp/
[BSP build complete]
[nios_software build complete]
15:10:34 **** Incremental Build of configuration Nios II for project nios_software ****
make all 
Info: Building S:/Documents/gitrepos/CPET561/DE1_SoC_Demo5/src/SW/nios_software_bsp/
C:/intelFPGA/18.1/nios2eds/bin/gnu/H-x86_64-mingw32/bin/make --no-print-directory -C S:/Documents/gitrepos/CPET561/DE1_SoC_Demo5/src/SW/nios_software_bsp/
[BSP build complete]
[nios_software build complete]
15:10:40 **** Incremental Build of configuration Nios II for project nios_software ****
make all 
Info: Building S:/Documents/gitrepos/CPET561/DE1_SoC_Demo5/src/SW/nios_software_bsp/
C:/intelFPGA/18.1/nios2eds/bin/gnu/H-x86_64-mingw32/bin/make --no-print-directory -C S:/Documents/gitrepos/CPET561/DE1_SoC_Demo5/src/SW/nios_software_bsp/
[BSP build complete]
[nios_software build complete]
15:18:10 **** Incremental Build of configuration Nios II for project nios_software ****
make all 
Info: Building S:/Documents/gitrepos/CPET561/DE1_SoC_Demo5/src/SW/nios_software_bsp/
C:/intelFPGA/18.1/nios2eds/bin/gnu/H-x86_64-mingw32/bin/make --no-print-directory -C S:/Documents/gitrepos/CPET561/DE1_SoC_Demo5/src/SW/nios_software_bsp/
[BSP build complete]
[nios_software build complete]
15:28:30 **** Incremental Build of configuration Nios II for project nios_software ****
make all 
Info: Building S:/Documents/gitrepos/CPET561/DE1_SoC_Demo5/src/SW/nios_software_bsp/
C:/intelFPGA/18.1/nios2eds/bin/gnu/H-x86_64-mingw32/bin/make --no-print-directory -C S:/Documents/gitrepos/CPET561/DE1_SoC_Demo5/src/SW/nios_software_bsp/
[BSP build complete]
[nios_software build complete]
15:41:11 **** Incremental Build of configuration Nios II for project nios_software ****
make all 
Info: Building S:/Documents/gitrepos/CPET561/DE1_SoC_Demo5/src/SW/nios_software_bsp/
C:/intelFPGA/18.1/nios2eds/bin/gnu/H-x86_64-mingw32/bin/make --no-print-directory -C S:/Documents/gitrepos/CPET561/DE1_SoC_Demo5/src/SW/nios_software_bsp/
[BSP build complete]
[nios_software build complete]
